[    0.000000] Linux version 4.15.0-51-generic (buildd@lgw01-amd64-059) (gcc version 7.3.0 (Ubuntu 7.3.0-16ubuntu3)) #55-Ubuntu SMP Wed May 15 14:27:21 UTC 2019 (Ubuntu 4.15.0-51.55-generic 4.15.18)
[    0.000000] Command line: BOOT_IMAGE=/boot/vmlinuz-4.15.0-51-generic root=LABEL=cloudimg-rootfs ro console=tty1 console=ttyS0
[    0.000000] KERNEL supported cpus:
[    0.000000]   Intel GenuineIntel
[    0.000000]   AMD AuthenticAMD
[    0.000000]   Centaur CentaurHauls
[    0.000000] x86/fpu: Supporting XSAVE feature 0x001: 'x87 floating point registers'
[    0.000000] x86/fpu: Supporting XSAVE feature 0x002: 'SSE registers'
[    0.000000] x86/fpu: Supporting XSAVE feature 0x004: 'AVX registers'
[    0.000000] x86/fpu: xstate_offset[2]:  576, xstate_sizes[2]:  256
[    0.000000] x86/fpu: Enabled xstate features 0x7, context size is 832 bytes, using 'standard' format.
[    0.000000] e820: BIOS-provided physical RAM map:
[    0.000000] BIOS-e820: [mem 0x0000000000000000-0x000000000009fbff] usable
[    0.000000] BIOS-e820: [mem 0x000000000009fc00-0x000000000009ffff] reserved
[    0.000000] BIOS-e820: [mem 0x00000000000f0000-0x00000000000fffff] reserved
[    0.000000] BIOS-e820: [mem 0x0000000000100000-0x000000007ffeffff] usable
[    0.000000] BIOS-e820: [mem 0x000000007fff0000-0x000000007fffffff] ACPI data
[    0.000000] BIOS-e820: [mem 0x00000000fec00000-0x00000000fec00fff] reserved
[    0.000000] BIOS-e820: [mem 0x00000000fee00000-0x00000000fee00fff] reserved
[    0.000000] BIOS-e820: [mem 0x00000000fffc0000-0x00000000ffffffff] reserved
[    0.000000] NX (Execute Disable) protection: active
[    0.000000] SMBIOS 2.5 present.
[    0.000000] DMI: innotek GmbH VirtualBox/VirtualBox, BIOS VirtualBox 12/01/2006
[    0.000000] Hypervisor detected: KVM
[    0.000000] e820: last_pfn = 0x7fff0 max_arch_pfn = 0x400000000
[    0.000000] MTRR: Disabled
[    0.000000] x86/PAT: MTRRs disabled, skipping PAT initialization too.
[    0.000000] CPU MTRRs all blank - virtualized system.
[    0.000000] x86/PAT: Configuration [0-7]: WB  WT  UC- UC  WB  WT  UC- UC  
[    0.000000] found SMP MP-table at [mem 0x0009fff0-0x0009ffff] mapped at [        (ptrval)]
[    0.000000] Scanning 1 areas for low memory corruption
[    0.000000] RAMDISK: [mem 0x35a95000-0x36d41fff]
[    0.000000] ACPI: Early table checksum verification disabled
[    0.000000] ACPI: RSDP 0x00000000000E0000 000024 (v02 VBOX  )
[    0.000000] ACPI: XSDT 0x000000007FFF0030 00003C (v01 VBOX   VBOXXSDT 00000001 ASL  00000061)
[    0.000000] ACPI: FACP 0x000000007FFF00F0 0000F4 (v04 VBOX   VBOXFACP 00000001 ASL  00000061)
[    0.000000] ACPI: DSDT 0x000000007FFF0470 0022EA (v02 VBOX   VBOXBIOS 00000002 INTL 20100528)
[    0.000000] ACPI: FACS 0x000000007FFF0200 000040
[    0.000000] ACPI: FACS 0x000000007FFF0200 000040
[    0.000000] ACPI: APIC 0x000000007FFF0240 00005C (v02 VBOX   VBOXAPIC 00000001 ASL  00000061)
[    0.000000] ACPI: SSDT 0x000000007FFF02A0 0001CC (v01 VBOX   VBOXCPUT 00000002 INTL 20100528)
[    0.000000] No NUMA configuration found
[    0.000000] Faking a node at [mem 0x0000000000000000-0x000000007ffeffff]
[    0.000000] NODE_DATA(0) allocated [mem 0x7ffc5000-0x7ffeffff]
[    0.000000] kvm-clock: cpu 0, msr 0:7ff44001, primary cpu clock
[    0.000000] kvm-clock: Using msrs 4b564d01 and 4b564d00
[    0.000000] kvm-clock: using sched offset of 3994360529 cycles
[    0.000000] clocksource: kvm-clock: mask: 0xffffffffffffffff max_cycles: 0x1cd42e4dffb, max_idle_ns: 881590591483 ns
[    0.000000] Zone ranges:
[    0.000000]   DMA      [mem 0x0000000000001000-0x0000000000ffffff]
[    0.000000]   DMA32    [mem 0x0000000001000000-0x000000007ffeffff]
[    0.000000]   Normal   empty
[    0.000000]   Device   empty
[    0.000000] Movable zone start for each node
[    0.000000] Early memory node ranges
[    0.000000]   node   0: [mem 0x0000000000001000-0x000000000009efff]
[    0.000000]   node   0: [mem 0x0000000000100000-0x000000007ffeffff]
[    0.000000] Reserved but unavailable: 114 pages
[    0.000000] Initmem setup node 0 [mem 0x0000000000001000-0x000000007ffeffff]
[    0.000000] ACPI: PM-Timer IO Port: 0x4008
[    0.000000] IOAPIC[0]: apic_id 2, version 32, address 0xfec00000, GSI 0-23
[    0.000000] ACPI: INT_SRC_OVR (bus 0 bus_irq 0 global_irq 2 dfl dfl)
[    0.000000] ACPI: INT_SRC_OVR (bus 0 bus_irq 9 global_irq 9 low level)
[    0.000000] Using ACPI (MADT) for SMP configuration information
[    0.000000] smpboot: Allowing 2 CPUs, 0 hotplug CPUs
[    0.000000] PM: Registered nosave memory: [mem 0x00000000-0x00000fff]
[    0.000000] PM: Registered nosave memory: [mem 0x0009f000-0x0009ffff]
[    0.000000] PM: Registered nosave memory: [mem 0x000a0000-0x000effff]
[    0.000000] PM: Registered nosave memory: [mem 0x000f0000-0x000fffff]
[    0.000000] e820: [mem 0x80000000-0xfebfffff] available for PCI devices
[    0.000000] Booting paravirtualized kernel on KVM
[    0.000000] clocksource: refined-jiffies: mask: 0xffffffff max_cycles: 0xffffffff, max_idle_ns: 7645519600211568 ns
[    0.000000] random: get_random_bytes called from start_kernel+0x99/0x4fd with crng_init=0
[    0.000000] setup_percpu: NR_CPUS:8192 nr_cpumask_bits:2 nr_cpu_ids:2 nr_node_ids:1
[    0.000000] percpu: Embedded 46 pages/cpu @        (ptrval) s151552 r8192 d28672 u1048576
[    0.000000] PV qspinlock hash table entries: 256 (order: 0, 4096 bytes)
[    0.000000] Built 1 zonelists, mobility grouping on.  Total pages: 515961
[    0.000000] Policy zone: DMA32
[    0.000000] Kernel command line: BOOT_IMAGE=/boot/vmlinuz-4.15.0-51-generic root=LABEL=cloudimg-rootfs ro console=tty1 console=ttyS0
[    0.000000] Memory: 2015652K/2096696K available (12300K kernel code, 2473K rwdata, 4272K rodata, 2408K init, 2416K bss, 81044K reserved, 0K cma-reserved)
[    0.000000] SLUB: HWalign=64, Order=0-3, MinObjects=0, CPUs=2, Nodes=1
[    0.000000] Kernel/User page tables isolation: enabled
[    0.000000] ftrace: allocating 39215 entries in 154 pages
[    0.004000] Hierarchical RCU implementation.
[    0.004000] 	RCU restricting CPUs from NR_CPUS=8192 to nr_cpu_ids=2.
[    0.004000] 	Tasks RCU enabled.
[    0.004000] RCU: Adjusting geometry for rcu_fanout_leaf=16, nr_cpu_ids=2
[    0.004000] NR_IRQS: 524544, nr_irqs: 440, preallocated irqs: 16
[    0.004000] Console: colour VGA+ 80x25
[    0.004000] console [tty1] enabled
[    0.004000] console [ttyS0] enabled
[    0.004000] ACPI: Core revision 20170831
[    0.004000] ACPI: 2 ACPI AML tables successfully acquired and loaded
[    0.004000] APIC: Switch to symmetric I/O mode setup
[    0.004000] x2apic enabled
[    0.004000] Switched APIC routing to physical x2apic.
[    0.005994] ..TIMER: vector=0x30 apic1=0 pin1=2 apic2=-1 pin2=-1
[    0.008006] tsc: Detected 2808.000 MHz processor
[    0.009603] Calibrating delay loop (skipped) preset value.. 5616.00 BogoMIPS (lpj=11232000)
[    0.012006] pid_max: default: 32768 minimum: 301
[    0.013295] Security Framework initialized
[    0.014227] Yama: becoming mindful.
[    0.015005] AppArmor: AppArmor initialized
[    0.020560] Dentry cache hash table entries: 262144 (order: 9, 2097152 bytes)
[    0.028057] Inode-cache hash table entries: 131072 (order: 8, 1048576 bytes)
[    0.029552] Mount-cache hash table entries: 4096 (order: 3, 32768 bytes)
[    0.032007] Mountpoint-cache hash table entries: 4096 (order: 3, 32768 bytes)
[    0.033706] mce: CPU supports 0 MCE banks
[    0.034665] Last level iTLB entries: 4KB 64, 2MB 8, 4MB 8
[    0.036016] Last level dTLB entries: 4KB 64, 2MB 0, 4MB 0, 1GB 4
[    0.040016] Spectre V2 : Mitigation: Full generic retpoline
[    0.041296] Spectre V2 : Spectre v2 / SpectreRSB mitigation: Filling RSB on context switch
[    0.043270] Speculative Store Bypass: Vulnerable
[    0.044048] MDS: Vulnerable: Clear CPU buffers attempted, no microcode
[    0.045599] Freeing SMP alternatives memory: 36K
[    0.052000] smpboot: CPU0: Intel(R) Core(TM) i7-6600U CPU @ 2.60GHz (family: 0x6, model: 0x4e, stepping: 0x3)
[    0.052000] Performance Events: unsupported p6 CPU model 78 no PMU driver, software events only.
[    0.052033] Hierarchical SRCU implementation.
[    0.053718] NMI watchdog: Perf event create on CPU 0 failed with -2
[    0.056001] NMI watchdog: Perf NMI watchdog permanently disabled
[    0.057364] smp: Bringing up secondary CPUs ...
[    0.058437] x86: Booting SMP configuration:
[    0.059402] .... node  #0, CPUs:      #1
[    0.004000] kvm-clock: cpu 1, msr 0:7ff44041, secondary cpu clock
[    0.004000] mce: CPU supports 0 MCE banks
[    0.064091] smp: Brought up 1 node, 2 CPUs
[    0.065083] smpboot: Max logical packages: 1
[    0.066014] smpboot: Total of 2 processors activated (11232.00 BogoMIPS)
[    0.068155] devtmpfs: initialized
[    0.068842] x86/mm: Memory block size: 128MB
[    0.070015] evm: security.selinux
[    0.070812] evm: security.SMACK64
[    0.072003] evm: security.SMACK64EXEC
[    0.072849] evm: security.SMACK64TRANSMUTE
[    0.073712] evm: security.SMACK64MMAP
[    0.074754] evm: security.apparmor
[    0.076002] evm: security.ima
[    0.076744] evm: security.capability
[    0.077586] clocksource: jiffies: mask: 0xffffffff max_cycles: 0xffffffff, max_idle_ns: 7645041785100000 ns
[    0.080034] futex hash table entries: 512 (order: 3, 32768 bytes)
[    0.081385] pinctrl core: initialized pinctrl subsystem
[    0.082612] RTC time:  3:09:46, date: 06/14/19
[    0.084165] NET: Registered protocol family 16
[    0.085178] audit: initializing netlink subsys (disabled)
[    0.086343] audit: type=2000 audit(1560481791.759:1): state=initialized audit_enabled=0 res=1
[    0.088010] cpuidle: using governor ladder
[    0.088934] cpuidle: using governor menu
[    0.089878] ACPI: bus type PCI registered
[    0.092003] acpiphp: ACPI Hot Plug PCI Controller Driver version: 0.5
[    0.094004] PCI: Using configuration type 1 for base access
[    0.104069] HugeTLB registered 2.00 MiB page size, pre-allocated 0 pages
[    0.108009] ACPI: Added _OSI(Module Device)
[    0.108027] ACPI: Added _OSI(Processor Device)
[    0.109758] ACPI: Added _OSI(3.0 _SCP Extensions)
[    0.111293] ACPI: Added _OSI(Processor Aggregator Device)
[    0.112006] ACPI: Added _OSI(Linux-Dell-Video)
[    0.113836] ACPI: Added _OSI(Linux-Lenovo-NV-HDMI-Audio)
[    0.116003] ACPI: Added _OSI(Linux-HPI-Hybrid-Graphics)
[    0.118068] ACPI: Executed 1 blocks of module-level executable AML code
[    0.127561] ACPI: Interpreter enabled
[    0.128049] ACPI: (supports S0 S5)
[    0.128979] ACPI: Using IOAPIC for interrupt routing
[    0.128979] PCI: Using host bridge windows from ACPI; if necessary, use "pci=nocrs" and report a bug
[    0.131254] ACPI: Enabled 2 GPEs in block 00 to 07
[    0.144068] ACPI: PCI Root Bridge [PCI0] (domain 0000 [bus 00-ff])
[    0.146115] acpi PNP0A03:00: _OSC: OS supports [ASPM ClockPM Segments MSI]
[    0.148666] acpi PNP0A03:00: _OSC: not requesting OS control; OS requires [ExtendedConfig ASPM ClockPM MSI]
[    0.152015] acpi PNP0A03:00: fail to add MMCONFIG information, can't access extended PCI configuration space under this bridge.
[    0.156371] PCI host bridge to bus 0000:00
[    0.157733] pci_bus 0000:00: root bus resource [io  0x0000-0x0cf7 window]
[    0.160000] pci_bus 0000:00: root bus resource [io  0x0d00-0xffff window]
[    0.160006] pci_bus 0000:00: root bus resource [mem 0x000a0000-0x000bffff window]
[    0.164006] pci_bus 0000:00: root bus resource [mem 0x80000000-0xfdffffff window]
[    0.166481] pci_bus 0000:00: root bus resource [bus 00-ff]
[    0.170273] pci 0000:00:01.1: legacy IDE quirk: reg 0x10: [io  0x01f0-0x01f7]
[    0.171889] pci 0000:00:01.1: legacy IDE quirk: reg 0x14: [io  0x03f6]
[    0.172003] pci 0000:00:01.1: legacy IDE quirk: reg 0x18: [io  0x0170-0x0177]
[    0.176007] pci 0000:00:01.1: legacy IDE quirk: reg 0x1c: [io  0x0376]
[    0.202087] pci 0000:00:07.0: quirk: [io  0x4000-0x403f] claimed by PIIX4 ACPI
[    0.203697] pci 0000:00:07.0: quirk: [io  0x4100-0x410f] claimed by PIIX4 SMB
[    0.214011] ACPI: PCI Interrupt Link [LNKA] (IRQs 5 9 10 *11)
[    0.215615] ACPI: PCI Interrupt Link [LNKB] (IRQs 5 9 *10 11)
[    0.216138] ACPI: PCI Interrupt Link [LNKC] (IRQs 5 *9 10 11)
[    0.217673] ACPI: PCI Interrupt Link [LNKD] (IRQs 5 9 10 *11)
[    0.220323] SCSI subsystem initialized
[    0.221371] pci 0000:00:02.0: vgaarb: setting as boot VGA device
[    0.221707] pci 0000:00:02.0: vgaarb: VGA device added: decodes=io+mem,owns=io+mem,locks=none
[    0.224005] pci 0000:00:02.0: vgaarb: bridge control possible
[    0.225266] vgaarb: loaded
[    0.225918] ACPI: bus type USB registered
[    0.227221] usbcore: registered new interface driver usbfs
[    0.228019] usbcore: registered new interface driver hub
[    0.232005] usbcore: registered new device driver usb
[    0.232042] EDAC MC: Ver: 3.0.0
[    0.233011] PCI: Using ACPI for IRQ routing
[    0.236002] NetLabel: Initializing
[    0.236006] NetLabel:  domain hash size = 128
[    0.236006] NetLabel:  protocols = UNLABELED CIPSOv4 CALIPSO
[    0.237200] NetLabel:  unlabeled traffic allowed by default
[    0.240071] clocksource: Switched to clocksource kvm-clock
[    0.267449] VFS: Disk quotas dquot_6.6.0
[    0.268580] VFS: Dquot-cache hash table entries: 512 (order 0, 4096 bytes)
[    0.270267] AppArmor: AppArmor Filesystem Enabled
[    0.271391] pnp: PnP ACPI init
[    0.273324] pnp: PnP ACPI: found 3 devices
[    0.279800] clocksource: acpi_pm: mask: 0xffffff max_cycles: 0xffffff, max_idle_ns: 2085701024 ns
[    0.282335] NET: Registered protocol family 2
[    0.283491] TCP established hash table entries: 16384 (order: 5, 131072 bytes)
[    0.285644] TCP bind hash table entries: 16384 (order: 6, 262144 bytes)
[    0.292404] TCP: Hash tables configured (established 16384 bind 16384)
[    0.294074] UDP hash table entries: 1024 (order: 3, 32768 bytes)
[    0.295514] UDP-Lite hash table entries: 1024 (order: 3, 32768 bytes)
[    0.297037] NET: Registered protocol family 1
[    0.297979] pci 0000:00:00.0: Limiting direct PCI/PCI transfers
[    0.299247] pci 0000:00:01.0: Activating ISA DMA hang workarounds
[    0.300594] pci 0000:00:02.0: Video device with shadowed ROM at [mem 0x000c0000-0x000dffff]
[    0.302450] Unpacking initramfs...
[    0.739353] Freeing initrd memory: 19124K
[    0.740010] clocksource: tsc: mask: 0xffffffffffffffff max_cycles: 0x2879c5f06f2, max_idle_ns: 440795220049 ns
[    0.742622] platform rtc_cmos: registered platform RTC device (no PNP device found)
[    0.744446] Scanning for low memory corruption every 60 seconds
[    0.746531] Initialise system trusted keyrings
[    0.747652] Key type blacklist registered
[    0.748863] workingset: timestamp_bits=36 max_order=19 bucket_order=0
[    0.751490] zbud: loaded
[    0.752767] squashfs: version 4.0 (2009/01/31) Phillip Lougher
[    0.754360] fuse init (API version 7.26)
[    0.762537] Key type asymmetric registered
[    0.763496] Asymmetric key parser 'x509' registered
[    0.764607] Block layer SCSI generic (bsg) driver version 0.4 loaded (major 246)
[    0.766215] io scheduler noop registered
[    0.767122] io scheduler deadline registered
[    0.768256] io scheduler cfq registered (default)
[    0.769550] ACPI: AC Adapter [AC] (on-line)
[    0.770487] input: Power Button as /devices/LNXSYSTM:00/LNXPWRBN:00/input/input0
[    0.772110] ACPI: Power Button [PWRF]
[    0.772993] input: Sleep Button as /devices/LNXSYSTM:00/LNXSLPBN:00/input/input1
[    0.774569] ACPI: Sleep Button [SLPF]
[    0.785614] Serial: 8250/16550 driver, 32 ports, IRQ sharing enabled
[    0.787116] ACPI: Battery Slot [BAT0] (battery present)
[    0.809547] 00:02: ttyS0 at I/O 0x3f8 (irq = 4, base_baud = 115200) is a 16550A
[    0.812877] Linux agpgart interface v0.103
[    0.815437] loop: module loaded
[    0.817109] scsi host0: ata_piix
[    0.818266] scsi host1: ata_piix
[    0.819140] ata1: PATA max UDMA/33 cmd 0x1f0 ctl 0x3f6 bmdma 0xd000 irq 14
[    0.820683] ata2: PATA max UDMA/33 cmd 0x170 ctl 0x376 bmdma 0xd008 irq 15
[    0.822344] libphy: Fixed MDIO Bus: probed
[    0.823276] tun: Universal TUN/TAP device driver, 1.6
[    0.824625] PPP generic driver version 2.4.2
[    0.825767] ehci_hcd: USB 2.0 'Enhanced' Host Controller (EHCI) Driver
[    0.827150] ehci-pci: EHCI PCI platform driver
[    0.828158] ehci-platform: EHCI generic platform driver
[    0.829370] ohci_hcd: USB 1.1 'Open' Host Controller (OHCI) Driver
[    0.831017] ohci-pci: OHCI PCI platform driver
[    0.832166] ohci-platform: OHCI generic platform driver
[    0.833565] uhci_hcd: USB Universal Host Controller Interface driver
[    0.835055] i8042: PNP: PS/2 Controller [PNP0303:PS2K,PNP0f03:PS2M] at 0x60,0x64 irq 1,12
[    0.837990] serio: i8042 KBD port at 0x60,0x64 irq 1
[    0.839076] serio: i8042 AUX port at 0x60,0x64 irq 12
[    0.840253] mousedev: PS/2 mouse device common for all mice
[    0.841716] input: AT Translated Set 2 keyboard as /devices/platform/i8042/serio0/input/input2
[    0.844033] rtc_cmos rtc_cmos: rtc core: registered rtc_cmos as rtc0
[    0.845464] rtc_cmos rtc_cmos: alarms up to one day, 114 bytes nvram
[    0.846933] i2c /dev entries driver
[    0.847768] device-mapper: uevent: version 1.0.3
[    0.848849] device-mapper: ioctl: 4.37.0-ioctl (2017-09-20) initialised: dm-devel@redhat.com
[    0.850696] ledtrig-cpu: registered to indicate activity on CPUs
[    0.852539] NET: Registered protocol family 10
[    0.857425] Segment Routing with IPv6
[    0.858405] NET: Registered protocol family 17
[    0.859416] Key type dns_resolver registered
[    0.860589] RAS: Correctable Errors collector initialized.
[    0.861747] sched_clock: Marking stable (860510786, 0)->(1233164323, -372653537)
[    0.863892] registered taskstats version 1
[    0.864838] Loading compiled-in X.509 certificates
[    0.868498] Loaded X.509 cert 'Build time autogenerated kernel key: c1fa4cde9d34780ae4ae655b856adc042b663c06'
[    0.871131] zswap: loaded using pool lzo/zbud
[    0.875906] Key type big_key registered
[    0.876883] Key type trusted registered
[    0.879961] Key type encrypted registered
[    0.881312] AppArmor: AppArmor sha1 policy hashing enabled
[    0.882855] ima: No TPM chip found, activating TPM-bypass! (rc=-19)
[    0.884636] ima: Allocated hash algorithm: sha1
[    0.885868] evm: HMAC attrs: 0x1
[    0.886995]   Magic number: 7:981:158
[    0.888260] rtc_cmos rtc_cmos: setting system clock to 2019-06-14 03:09:47 UTC (1560481787)
[    0.891290] BIOS EDD facility v0.16 2004-Jun-25, 0 devices found
[    0.893306] EDD information not available.
[    0.991616] Freeing unused kernel image memory: 2408K
[    1.004145] Write protecting the kernel read-only data: 20480k
[    1.007851] Freeing unused kernel image memory: 2008K
[    1.010703] Freeing unused kernel image memory: 1872K
[    1.031573] x86/mm: Checked W+X mappings: passed, no W+X pages found.
[    1.034325] x86/mm: Checking user space page tables
[    1.049685] x86/mm: Checked W+X mappings: passed, no W+X pages found.
Loading, please wait...
starting version 237
[    1.127782] Fusion MPT base driver 3.04.20
[    1.129004] Copyright (c) 1999-2008 LSI Corporation
[    1.145556] e1000: Intel(R) PRO/1000 Network Driver - version 7.3.21-k8-NAPI
[    1.147558] e1000: Copyright (c) 1999-2006 Intel Corporation.
[    1.150700] AVX2 version of gcm_enc/dec engaged.
[    1.151641] AES CTR mode by8 optimization enabled
[    1.154879] Fusion MPT SPI Host driver 3.04.20
[    1.165156] mptbase: ioc0: Initiating bringup
[    1.260315] ioc0: LSI53C1030 A0: Capabilities={Initiator}
[    1.345061] input: ImExPS/2 Generic Explorer Mouse as /devices/platform/i8042/serio1/input/input4
[    1.506678] scsi host2: ioc0: LSI53C1030 A0, FwRev=00000000h, Ports=1, MaxQ=256, IRQ=20
[    1.676757] scsi 2:0:0:0: Direct-Access     VBOX     HARDDISK         1.0  PQ: 0 ANSI: 5
[    1.720271] scsi target2:0:0: Beginning Domain Validation
[    1.723865] scsi target2:0:0: Domain Validation skipping write tests
[    1.725511] scsi target2:0:0: Ending Domain Validation
[    1.726948] scsi target2:0:0: asynchronous
[    1.728691] scsi 2:0:1:0: Direct-Access     VBOX     HARDDISK         1.0  PQ: 0 ANSI: 5
[    1.940132] scsi target2:0:1: Beginning Domain Validation
[    1.942277] random: fast init done
[    1.943566] scsi target2:0:1: Domain Validation skipping write tests
[    1.944849] scsi target2:0:1: Ending Domain Validation
[    1.946055] scsi target2:0:1: asynchronous
[    1.952929] random: systemd-udevd: uninitialized urandom read (16 bytes read)
[    1.954687] random: systemd-udevd: uninitialized urandom read (16 bytes read)
[    1.957346] random: systemd-udevd: uninitialized urandom read (16 bytes read)
[    1.959517] sd 2:0:0:0: [sda] 20971520 512-byte logical blocks: (10.7 GB/10.0 GiB)
[    1.962173] sd 2:0:0:0: [sda] Write Protect is off
[    1.963813] sd 2:0:0:0: Attached scsi generic sg0 type 0
[    1.965811] sd 2:0:0:0: [sda] Incomplete mode parameter data
[    1.967036] sd 2:0:0:0: [sda] Assuming drive cache: write through
[    1.968756] sd 2:0:1:0: [sdb] 20480 512-byte logical blocks: (10.5 MB/10.0 MiB)
[    1.970879] sd 2:0:1:0: [sdb] Write Protect is off
[    1.972687] sd 2:0:1:0: [sdb] Incomplete mode parameter data
[    1.974397] sd 2:0:1:0: [sdb] Assuming drive cache: write through
[    1.975668] sd 2:0:1:0: Attached scsi generic sg1 type 0
[    1.988199]  sda: sda1
[    1.989686] sd 2:0:0:0: [sda] Attached SCSI disk
[    1.990696] sd 2:0:1:0: [sdb] Attached SCSI disk
[    2.117791] e1000 0000:00:03.0 eth0: (PCI:33MHz:32-bit) 02:44:a0:33:03:e1
[    2.119304] e1000 0000:00:03.0 eth0: Intel(R) PRO/1000 Network Connection
[    2.121725] e1000 0000:00:03.0 enp0s3: renamed from eth0
Begin: Loading essential drivers ... [    3.864210] raid6: sse2x1   gen() 10301 MB/s
[    3.912367] raid6: sse2x1   xor()  7495 MB/s
[    3.960483] raid6: sse2x2   gen() 11076 MB/s
[    4.008060] raid6: sse2x2   xor()  6359 MB/s
[    4.056281] raid6: sse2x4   gen() 11691 MB/s
[    4.104096] raid6: sse2x4   xor()  6465 MB/s
[    4.152434] raid6: avx2x1   gen() 17456 MB/s
[    4.200193] raid6: avx2x1   xor() 12501 MB/s
[    4.248136] raid6: avx2x2   gen() 24337 MB/s
[    4.296271] raid6: avx2x2   xor() 14335 MB/s
[    4.344372] raid6: avx2x4   gen() 21056 MB/s
[    4.392018] raid6: avx2x4   xor() 13693 MB/s
[    4.393099] raid6: using algorithm avx2x2 gen() 24337 MB/s
[    4.394321] raid6: .... xor() 14335 MB/s, rmw enabled
[    4.395405] raid6: using avx2x2 recovery algorithm
[    4.398056] xor: automatically using best checksumming function   avx       
[    4.402049] async_tx: api initialized (async)
done.
Begin: Running /scripts/init-premount ... done.
Begin: Mounting root file system ... Begin: Running /scripts/local-top ... done.
Begin: Running /scripts/local-premount ... [    4.460129] Btrfs loaded, crc32c=crc32c-intel
Scanning for Btrfs filesystems
done.
Warning: fsck not present, so skipping root file system
[    4.500209] EXT4-fs (sda1): mounted filesystem with ordered data mode. Opts: (null)
done.
Begin: Running /scripts/local-bottom ... done.
Begin: Running /scripts/init-bottom ... done.
[    4.674099] ip_tables: (C) 2000-2006 Netfilter Core Team
[    4.682690] systemd[1]: systemd 237 running in system mode. (+PAM +AUDIT +SELINUX +IMA +APPARMOR +SMACK +SYSVINIT +UTMP +LIBCRYPTSETUP +GCRYPT +GNUTLS +ACL +XZ +LZ4 +SECCOMP +BLKID +ELFUTILS +KMOD -IDN2 +IDN -PCRE2 default-hierarchy=hybrid)
[    4.687004] systemd[1]: Detected virtualization oracle.
[    4.688111] systemd[1]: Detected architecture x86-64.

Welcome to [1mUbuntu 18.04.2 LTS[0m!

[    4.695631] systemd[1]: Set hostname to <ubuntu-bionic>.
[    4.999137] systemd[1]: Started Forward Password Requests to Wall Directory Watch.
[[0;32m  OK  [0m] Started Forward Password Requests to Wall Directory Watch.
[    5.003668] systemd[1]: Created slice User and Session Slice.
[[0;32m  OK  [0m] Created slice User and Session Slice.
[    5.005963] systemd[1]: Reached target User and Group Name Lookups.
[[0;32m  OK  [0m] Reached target User and Group Name Lookups.
[    5.008505] systemd[1]: Reached target System Time Synchronized.
[[0;32m  OK  [0m] Reached target System Time Synchronized.
[    5.011306] systemd[1]: Created slice System Slice.
[[0;32m  OK  [0m] Created slice System Slice.
[    5.028593] systemd[1]: Listening on udev Kernel Socket.
[[0;32m  OK  [0m] Listening on udev Kernel Socket.
[[0;32m  OK  [0m] Listening on Journal Socket (/dev/log).
[[0;32m  OK  [0m] Listening on LVM2 metadata daemon socket.
[[0;32m  OK  [0m] Listening on LVM2 poll daemon socket.
[[0;32m  OK  [0m] Listening on Journal Audit Socket.
[[0;32m  OK  [0m] Listening on Syslog Socket.
[[0;32m  OK  [0m] Listening on udev Control Socket.
[[0;32m  OK  [0m] Created slice system-serial\x2dgetty.slice.
[[0;32m  OK  [0m] Listening on Network Service Netlink Socket.
[[0;32m  OK  [0m] Reached target Swap.
[[0;32m  OK  [0m] Set up automount Arbitrary Executab…rmats File System Automount Point.
[[0;32m  OK  [0m] Listening on /dev/initctl Compatibility Named Pipe.
[[0;32m  OK  [0m] Listening on Journal Socket.
         Starting Journal Service...
         Starting Load Kernel Modules...
         Starting Set the console keyboard layout...
         Mounting POSIX Message Queue File System...
         Starting udev Coldplug all Devices...
         Starting Create list of required st…ce nodes for the current kernel...
         Starting Remount Root and Kernel File Systems...
         Mounting Huge Pages File System...
         Mounting Kernel Debug File System...
         Starting Uncomplicated firewall...
[[0;32m  OK  [0m] Reached target Slices.
[[0;32m  OK  [0m] Listening on Device-mapper event daemon FIFOs.
         Starting Monitoring of LVM2 mirrors…ng dmeventd or progress polling...
[[0;32m  OK  [0m] Started Create list of required sta…vice nodes for the current kernel.
[[0;32m  OK  [0m] Started Uncomplicated firewall.
         Starting Create Static Device Nodes in /dev...
[[0;32m  OK  [0m] Started udev Coldplug all Devices.
[    5.756284] Loading iSCSI transport class v2.0-870.
[    5.765226] iscsi: registered transport (tcp)
[[0;32m  OK  [0m] Started Journal Service.
[    5.784801] iscsi: registered transport (iser)
[    5.787892] arp_tables: arp_tables: (C) 2002 David S. Miller
[[0;32m  OK  [0m] Started Create Static Device Nodes in /dev.
[    5.835648] bridge: filtering via arp/ip/ip6tables is no longer available by default. Update your scripts to load br_netfilter if you need this.
[    5.841773] Bridge firewalling registered
[    5.845652] ip6_tables: (C) 2000-2006 Netfilter Core Team
[[0;32m  OK  [0m] Mounted POSIX Message Queue File System.
[    5.936284] EXT4-fs (sda1): re-mounted. Opts: (null)
[[0;32m  OK  [0m] Started Remount Root and Kernel File Systems.
[[0;32m  OK  [0m] Mounted Huge Pages File System.
[[0;32m  OK  [0m] Mounted Kernel Debug File System.
[[0;32m  OK  [0m] Started LVM2 metadata daemon.
         Starting Load/Save Random Seed...
         Starting udev Kernel Device Manager...
         Starting Flush Journal to Persistent Storage...
[[0;32m  OK  [0m] Started Load Kernel Modules.
         Mounting FUSE Control File System...
         Mounting Kernel Configuration File System...
         Starting Apply Kernel Variables...
[[0;32m  OK  [0m] Mounted Kernel Configuration File System.
[[0;32m  OK  [0m] Started Monitoring of LVM2 mirrors,…sing dmeventd or progress polling.
[[0;32m  OK  [0m] Started Load/Save Random Seed.
[[0;32m  OK  [0m] Mounted FUSE Control File System.
[    6.041743] systemd-journald[385]: Received request to flush runtime journal from PID 1
[[0;32m  OK  [0m] Started udev Kernel Device Manager.
[[0;32m  OK  [0m] Started Apply Kernel Variables.
[[0;32m  OK  [0m] Started Set the console keyboard layout.
[[0;32m  OK  [0m] Started Dispatch Password Requests to Console Directory Watch.
[[0;32m  OK  [0m] Reached target Local Encrypted Volumes.
[[0;32m  OK  [0m] Reached target Local File Systems (Pre).
         Mounting Mount unit for docker, revision 384...
[[0;32m  OK  [0m] Reached target Local File Systems.
         Starting ebtables ruleset management...
         Starting Set console font and keymap...
         Starting Tell Plymouth To Write Out Runtime Data...
         Starting AppArmor initialization...
         Mounting Mount unit for core, revision 6964...
[[0;32m  OK  [0m] Started Flush Journal to Persistent Storage.
[[0;32m  OK  [0m] Started Tell Plymouth To Write Out Runtime Data.
         Starting Create Volatile Files and Directories...
[[0;32m  OK  [0m] Mounted Mount unit for docker, revision 384.
[[0;32m  OK  [0m] Started Set console font and keymap.
[[0;32m  OK  [0m] Started Create Volatile Files and Directories.
[[0;32m  OK  [0m] Mounted Mount unit for core, revision 6964.
         Starting Update UTMP about System Boot/Shutdown...
[[0;32m  OK  [0m] Started Update UTMP about System Boot/Shutdown.
[[0;32m  OK  [0m] Started ebtables ruleset management.
[[0;32m  OK  [0m] Found device /dev/ttyS0.
[[0;32m  OK  [0m] Listening on Load/Save RF Kill Switch Status /dev/rfkill Watch.
[[0;32m  OK  [0m] Started AppArmor initialization.
         Starting Initial cloud-init job (pre-networking)...
[    8.861909] cloud-init[565]: Cloud-init v. 19.1-1-gbaa47854-0ubuntu1~18.04.1 running 'init-local' at Fri, 14 Jun 2019 03:09:55 +0000. Up 8.59 seconds.
[[0;32m  OK  [0m] Started Initial cloud-init job (pre-networking).
[[0;32m  OK  [0m] Reached target Network (Pre).
         Starting Network Service...
[[0;32m  OK  [0m] Started Network Service.
         Starting Network Name Resolution...
         Starting Wait for Network to be Configured...
[[0;32m  OK  [0m] Started Network Name Resolution.
[[0;32m  OK  [0m] Reached target Network.
[[0;32m  OK  [0m] Reached target Host and Network Name Lookups.
[[0;32m  OK  [0m] Started Wait for Network to be Configured.
         Starting Initial cloud-init job (metadata service crawler)...
[   11.247748] cloud-init[703]: Cloud-init v. 19.1-1-gbaa47854-0ubuntu1~18.04.1 running 'init' at Fri, 14 Jun 2019 03:09:57 +0000. Up 10.96 seconds.
[   11.250529] cloud-init[703]: ci-info: +++++++++++++++++++++++++++++++++++++Net device info++++++++++++++++++++++++++++++++++++++
[   11.253153] cloud-init[703]: ci-info: +--------+------+---------------------------+---------------+--------+-------------------+
[   11.255979] cloud-init[703]: ci-info: | Device |  Up  |          Address          |      Mask     | Scope  |     Hw-Address    |
[   11.258734] cloud-init[703]: ci-info: +--------+------+---------------------------+---------------+--------+-------------------+
[   11.261463] cloud-init[703]: ci-info: | enp0s3 | True |         10.0.2.15         | 255.255.255.0 | global | 02:44:a0:33:03:e1 |
[   11.263778] cloud-init[703]: ci-info: | enp0s3 | True | fe80::44:a0ff:fe33:3e1/64 |       .       |  link  | 02:44:a0:33:03:e1 |
[   11.266543] cloud-init[703]: ci-info: |   lo   | True |         127.0.0.1         |   255.0.0.0   |  host  |         .         |
[   11.268766] cloud-init[703]: ci-info: |   lo   | True |          ::1/128          |       .       |  host  |         .         |
[   11.272312] cloud-init[703]: ci-info: +--------+------+---------------------------+---------------+--------+-------------------+
[   11.274718] cloud-init[703]: ci-info: ++++++++++++++++++++++++++++Route IPv4 info+++++++++++++++++++++++++++++
[   11.276885] cloud-init[703]: ci-info: +-------+-------------+----------+-----------------+-----------+-------+
[   11.278985] cloud-init[703]: ci-info: | Route | Destination | Gateway  |     Genmask     | Interface | Flags |
[   11.281077] cloud-init[703]: ci-info: +-------+-------------+----------+-----------------+-----------+-------+
[   11.283089] cloud-init[703]: ci-info: |   0   |   0.0.0.0   | 10.0.2.2 |     0.0.0.0     |   enp0s3  |   UG  |
[   11.285384] cloud-init[703]: ci-info: |   1   |   10.0.2.0  | 0.0.0.0  |  255.255.255.0  |   enp0s3  |   U   |
[   11.288297] cloud-init[703]: ci-info: |   2   |   10.0.2.2  | 0.0.0.0  | 255.255.255.255 |   enp0s3  |   UH  |
[   11.292058] cloud-init[703]: ci-info: +-------+-------------+----------+-----------------+-----------+-------+
[   11.294383] cloud-init[703]: ci-info: +++++++++++++++++++Route IPv6 info+++++++++++++++++++
[   11.296413] cloud-init[703]: ci-info: +-------+-------------+---------+-----------+-------+
[   11.298349] cloud-init[703]: ci-info: | Route | Destination | Gateway | Interface | Flags |
[   11.300406] cloud-init[703]: ci-info: +-------+-------------+---------+-----------+-------+
[   11.302460] cloud-init[703]: ci-info: |   1   |  fe80::/64  |    ::   |   enp0s3  |   U   |
[   11.304236] cloud-init[703]: ci-info: |   3   |    local    |    ::   |   enp0s3  |   U   |
[   11.305839] cloud-init[703]: ci-info: |   4   |   ff00::/8  |    ::   |   enp0s3  |   U   |
[   11.307344] cloud-init[703]: ci-info: +-------+-------------+---------+-----------+-------+
[[0;32m  OK  [0m] Started Initial cloud-init job (metadata service crawler).
[[0;32m  OK  [0m] Reached target System Initialization.
[[0;32m  OK  [0m] Listening on Open-iSCSI iscsid Socket.
[[0;32m  OK  [0m] Started Message of the Day.
[[0;32m  OK  [0m] Listening on D-Bus System Message Bus Socket.
[[0;32m  OK  [0m] Started Daily apt download activities.
[[0;32m  OK  [0m] Started Daily Cleanup of Temporary Directories.
         Starting LXD - unix socket.
[[0;32m  OK  [0m] Started Daily apt upgrade and clean activities.
[[0;32m  OK  [0m] Started ACPI Events Check.
[[0;32m  OK  [0m] Reached target Paths.
[[0;32m  OK  [0m] Listening on ACPID Listen Socket.
         Starting Socket activation for snappy daemon.
[[0;32m  OK  [0m] Listening on UUID daemon activation socket.
         Starting Docker Socket for the API.
[[0;32m  OK  [0m] Started Discard unused blocks once a week.
[[0;32m  OK  [0m] Reached target Timers.
[[0;32m  OK  [0m] Reached target Cloud-config availability.
[[0;32m  OK  [0m] Reached target Network is Online.
[[0;32m  OK  [0m] Reached target Remote File Systems (Pre).
[[0;32m  OK  [0m] Reached target Remote File Systems.
         Starting Availability of block devices...
[[0;32m  OK  [0m] Listening on LXD - unix socket.
[[0;32m  OK  [0m] Listening on Socket activation for snappy daemon.
[[0;32m  OK  [0m] Listening on Docker Socket for the API.
[[0;32m  OK  [0m] Started Availability of block devices.
[[0;32m  OK  [0m] Reached target Sockets.
[[0;32m  OK  [0m] Reached target Basic System.
[[0;32m  OK  [0m] Started D-Bus System Message Bus.
[[0;32m  OK  [0m] Started Regular background program processing daemon.
[[0;32m  OK  [0m] Started Deferred execution scheduler.
         Starting Snappy daemon...
         Starting Virtualbox guest utils...
         Starting containerd container runtime...
         Starting LSB: Record successful boot for GRUB...
[[0;32m  OK  [0m] Started Service for snap application docker.dockerd.
         Starting Login Service...
[[0;32m  OK  [0m] Started FUSE filesystem for LXC.
         Starting OpenBSD Secure Shell server...
         Starting LSB: automatic crash report generation...
         Starting Permit User Sessions...
         Starting Dispatcher daemon for systemd-networkd...
[[0;32m  OK  [0m] Started irqbalance daemon.
         Starting Accounts Service...
         Starting System Logging Service...
         Starting LXD - container startup/shutdown...
[[0;32m  OK  [0m] Started containerd container runtime.
[[0;32m  OK  [0m] Started Permit User Sessions.
[[0;32m  OK  [0m] Started Login Service.
[[0;32m  OK  [0m] Started Unattended Upgrades Shutdown.
         Starting Hold until boot process finishes up...
         Starting Terminate Plymouth Boot Screen...
         Starting Docker Application Container Engine...
[[0;32m  OK  [0m] Started Hold until boot process finishes up.
[[0;32m  OK  [0m] Started Terminate Plymouth Boot Screen.
[[0;32m  OK  [0m] Started Serial Getty on ttyS0.
         Starting Set console scheme...
[[0;32m  OK  [0m] Started System Logging Service.
[[0;32m  OK  [0m] Started Set console scheme.
[[0;32m  OK  [0m] Created slice system-getty.slice.
[[0;32m  OK  [0m] Started Getty on tty1.
[[0;32m  OK  [0m] Reached target Login Prompts.
[[0;32m  OK  [0m] Started LSB: Record successful boot for GRUB.
[[0;32m  OK  [0m] Started LSB: automatic crash report generation.
[[0;32m  OK  [0m] Started OpenBSD Secure Shell server.
         Starting Authorization Manager...
[[0;32m  OK  [0m] Started Virtualbox guest utils.
[[0;32m  OK  [0m] Started Authorization Manager.
[[0;32m  OK  [0m] Started Accounts Service.
[[0;32m  OK  [0m] Created slice User Slice of vagrant.
[[0;32m  OK  [0m] Started LXD - container startup/shutdown.
         Starting User Manager for UID 1000...
[[0;32m  OK  [0m] Started Session 1 of user vagrant.
[[0;32m  OK  [0m] Started Dispatcher daemon for systemd-networkd.
[[0;32m  OK  [0m] Started User Manager for UID 1000.
[[0;32m  OK  [0m] Started Snappy daemon.
         Starting Wait until snapd is fully seeded...
[[0;32m  OK  [0m] Started Wait until snapd is fully seeded.
         Starting Apply the settings specified in cloud-config...
[   16.801263] aufs aufs_fill_super:912:mount[1231]: no arg
[   16.841959] overlayfs: missing 'lowerdir'

Ubuntu 18.04.2 LTS ubuntu-bionic ttyS0

ubuntu-bionic login: [   18.784741] cloud-init[1267]: Cloud-init v. 19.1-1-gbaa47854-0ubuntu1~18.04.1 running 'modules:config' at Fri, 14 Jun 2019 03:10:05 +0000. Up 18.48 seconds.
[   20.182741] cloud-init[1593]: Cloud-init v. 19.1-1-gbaa47854-0ubuntu1~18.04.1 running 'modules:final' at Fri, 14 Jun 2019 03:10:06 +0000. Up 19.84 seconds.
[   20.182965] cloud-init[1593]: Cloud-init v. 19.1-1-gbaa47854-0ubuntu1~18.04.1 finished at Fri, 14 Jun 2019 03:10:06 +0000. Datasource DataSourceNoCloud [seed=/dev/sdb][dsmode=net].  Up 20.16 seconds
